<?xml version="1.0" encoding="UTF-8" ?>
<testsuites>
<testsuite name="phenotype-service existence" errors="0" tests="1" failures="0" time="0" timestamp="2016-02-28T10:22:39">
  <testcase classname="phenotype-service existence" name="phenotype singleton is imported" time="0"></testcase>
</testsuite>
</testsuites>