<?xml version="1.0" encoding="UTF-8" ?>
<testsuites>
<testsuite name="genotype-service genotype generation" errors="0" tests="2" failures="0" time="8.132" timestamp="2016-03-21T09:17:18">
  <testcase classname="genotype-service genotype generation" name="Genotype processes axiom1 genotype correctly" time="4.072"></testcase>
  <testcase classname="genotype-service genotype generation" name="Genotype processes axiom2 genotype correctly" time="4.06"></testcase>
</testsuite>
</testsuites>