<?xml version="1.0" encoding="UTF-8" ?>
<testsuites>
<testsuite name="producer-component" errors="0" tests="7" failures="2" time="2.246" timestamp="2016-02-27T18:03:18">
  <testcase classname="producer-component" name="Producer class is imported" time="0.156"></testcase>
  <testcase classname="producer-component" name="producer instance is created" time="0.015"></testcase>
  <testcase classname="producer-component" name="Producer creates genotype-service-proxy" time="0"></testcase>
  <testcase classname="producer-component" name="Producer creates phenotype-service-proxy" time="0"></testcase>
  <testcase classname="producer-component" name="Producer creates log-service-proxy" time="0.016"></testcase>
  <testcase classname="producer-component" name="Producer processes axiom1 correctly" time="1.03"><failure type="expect" message="Expected &amp;apos;foo&amp;apos; to equal 6.">Error: Expected &amp;apos;foo&amp;apos; to equal 6.
    at new jasmine.ExpectationResult (C:\public_html\metaforms-s\node_modules\jasmine-node\lib\jasmine-node/jasmine-1.3.1.js:114:32)
    at null.toEqual (C:\public_html\metaforms-s\node_modules\jasmine-node\lib\jasmine-node/jasmine-1.3.1.js:1316:29)
    at null.&amp;lt;anonymous&amp;gt; (C:\public_html\metaforms-s\test\e2e\components\producer-component.e2e.spec.js:57:17)
    at jasmine.Block.execute (C:\public_html\metaforms-s\node_modules\jasmine-node\lib\jasmine-node/jasmine-1.3.1.js:1145:17)
    at jasmine.Queue.next_ (C:\public_html\metaforms-s\node_modules\jasmine-node\lib\jasmine-node/jasmine-1.3.1.js:2177:31)
    at null._onTimeout (C:\public_html\metaforms-s\node_modules\jasmine-node\lib\jasmine-node/jasmine-1.3.1.js:2167:18)
    at Timer.listOnTimeout (timers.js:92:15)</failure><failure type="expect" message="Expected &amp;apos;foo&amp;apos; to equal 3.">Error: Expected &amp;apos;foo&amp;apos; to equal 3.
    at new jasmine.ExpectationResult (C:\public_html\metaforms-s\node_modules\jasmine-node\lib\jasmine-node/jasmine-1.3.1.js:114:32)
    at null.toEqual (C:\public_html\metaforms-s\node_modules\jasmine-node\lib\jasmine-node/jasmine-1.3.1.js:1316:29)
    at null.&amp;lt;anonymous&amp;gt; (C:\public_html\metaforms-s\test\e2e\components\producer-component.e2e.spec.js:62:17)
    at jasmine.Block.execute (C:\public_html\metaforms-s\node_modules\jasmine-node\lib\jasmine-node/jasmine-1.3.1.js:1145:17)
    at jasmine.Queue.next_ (C:\public_html\metaforms-s\node_modules\jasmine-node\lib\jasmine-node/jasmine-1.3.1.js:2177:31)
    at null._onTimeout (C:\public_html\metaforms-s\node_modules\jasmine-node\lib\jasmine-node/jasmine-1.3.1.js:2167:18)
    at Timer.listOnTimeout (timers.js:92:15)</failure></testcase>
  <testcase classname="producer-component" name="Producer processes axiom2 correctly" time="1.014"><failure type="expect" message="Expected &amp;apos;foo&amp;apos; to equal 15.">Error: Expected &amp;apos;foo&amp;apos; to equal 15.
    at new jasmine.ExpectationResult (C:\public_html\metaforms-s\node_modules\jasmine-node\lib\jasmine-node/jasmine-1.3.1.js:114:32)
    at null.toEqual (C:\public_html\metaforms-s\node_modules\jasmine-node\lib\jasmine-node/jasmine-1.3.1.js:1316:29)
    at null.&amp;lt;anonymous&amp;gt; (C:\public_html\metaforms-s\test\e2e\components\producer-component.e2e.spec.js:79:17)
    at jasmine.Block.execute (C:\public_html\metaforms-s\node_modules\jasmine-node\lib\jasmine-node/jasmine-1.3.1.js:1145:17)
    at jasmine.Queue.next_ (C:\public_html\metaforms-s\node_modules\jasmine-node\lib\jasmine-node/jasmine-1.3.1.js:2177:31)
    at null._onTimeout (C:\public_html\metaforms-s\node_modules\jasmine-node\lib\jasmine-node/jasmine-1.3.1.js:2167:18)
    at Timer.listOnTimeout (timers.js:92:15)</failure><failure type="expect" message="Expected &amp;apos;foo&amp;apos; to equal 30.">Error: Expected &amp;apos;foo&amp;apos; to equal 30.
    at new jasmine.ExpectationResult (C:\public_html\metaforms-s\node_modules\jasmine-node\lib\jasmine-node/jasmine-1.3.1.js:114:32)
    at null.toEqual (C:\public_html\metaforms-s\node_modules\jasmine-node\lib\jasmine-node/jasmine-1.3.1.js:1316:29)
    at null.&amp;lt;anonymous&amp;gt; (C:\public_html\metaforms-s\test\e2e\components\producer-component.e2e.spec.js:84:17)
    at jasmine.Block.execute (C:\public_html\metaforms-s\node_modules\jasmine-node\lib\jasmine-node/jasmine-1.3.1.js:1145:17)
    at jasmine.Queue.next_ (C:\public_html\metaforms-s\node_modules\jasmine-node\lib\jasmine-node/jasmine-1.3.1.js:2177:31)
    at null._onTimeout (C:\public_html\metaforms-s\node_modules\jasmine-node\lib\jasmine-node/jasmine-1.3.1.js:2167:18)
    at Timer.listOnTimeout (timers.js:92:15)</failure></testcase>
</testsuite>
</testsuites>